<rite>
    <plugins>
        <plugin id="import_plugin" path="../target/debug" name="example_import"/>
        <plugin id="export_plugin" path="../target/debug" name="example_export"/>
        <plugin id="transform_plugin" path="../target/debug" name="example_transform"/>
    </plugins>
    <processes>
        <process id="text-uppercase-console">
            <importer plugin="import_plugin" name="text">
                <configuration>
                    <config key="file_name" value="../data/test/testfile.txt" />
                </configuration>
            </importer>
            <transformers>
                <transformer plugin="transform_plugin" name="uppercase"/>
            </transformers>
            <exporters>
                <exporter plugin="export_plugin" name="console" />
            </exporters>
        </process>
    </processes>
</rite>